<?xml version="1.0" encoding="UTF-8"?>
<!-- Generated by org.testng.reporters.JUnitXMLReporter -->
<testsuite ignored="0" hostname="jbi02" failures="0" tests="21" name="Surefire test" time="0.106" errors="0" timestamp="2023-10-08T21:02:34 ART">
  <testcase classname="com.mechi.AppTest" name="shouldAnswerWithTrue on shouldAnswerWithTrue(com.mechi.AppTest)" time="0.016"/>
  <testcase classname="servicios.DepositarTest" name="testDepositarDinero on testDepositarDinero(servicios.DepositarTest)" time="0.004"/>
  <testcase classname="servicios.DepositarTest" name="testDepositarCaracterLetra on testDepositarCaracterLetra(servicios.DepositarTest)" time="0.005"/>
  <testcase classname="servicios.DepositarTest" name="testDepositarCaracterVacio on testDepositarCaracterVacio(servicios.DepositarTest)" time="0.005"/>
  <testcase classname="servicios.DepositarTest" name="testDepositarCero on testDepositarCero(servicios.DepositarTest)" time="0.005"/>
  <testcase classname="servicios.DepositarTest" name="testDepositarValornegativo on testDepositarValornegativo(servicios.DepositarTest)" time="0.005"/>
  <testcase classname="servicios.DepositarTest" name="testDepositarCero1 on testDepositarCero1(servicios.DepositarTest)" time="0.005"/>
  <testcase classname="servicios.RetirarDineroTest" name="pruebaRetirarDineroConCaracteresNoValidos on pruebaRetirarDineroConCaracteresNoValidos(servicios.RetirarDineroTest)" time="0.001"/>
  <testcase classname="servicios.RetirarDineroTest" name="pruebaRetirarDinero on pruebaRetirarDinero(servicios.RetirarDineroTest)" time="0.002"/>
  <testcase classname="servicios.RetirarDineroTest" name="pruebaRetirarDineroConValorCERO on pruebaRetirarDineroConValorCERO(servicios.RetirarDineroTest)" time="0.001"/>
  <testcase classname="servicios.RetirarDineroTest" name="pruebaRetirarDineroConSaldoInsuficiente on pruebaRetirarDineroConSaldoInsuficiente(servicios.RetirarDineroTest)" time="0.001"/>
  <testcase classname="servicios.RetirarDineroTest" name="pruebaRetirarDineroConValorNegativo on pruebaRetirarDineroConValorNegativo(servicios.RetirarDineroTest)" time="0.002"/>
  <testcase classname="servicios.TransferirTest" name="testTransferirCaracterLetra on testTransferirCaracterLetra(servicios.TransferirTest)" time="0.002"/>
  <testcase classname="servicios.TransferirTest" name="testTransferirCaracterVacio on testTransferirCaracterVacio(servicios.TransferirTest)" time="0.002"/>
  <testcase classname="servicios.TransferirTest" name="testTransferirMontoNegativo on testTransferirMontoNegativo(servicios.TransferirTest)" time="0.002"/>
  <testcase classname="servicios.TransferirTest" name="testTransferirCuentaCaracterIncorrecto on testTransferirCuentaCaracterIncorrecto(servicios.TransferirTest)" time="0.002"/>
  <testcase classname="servicios.TransferirTest" name="testTransferirConSaldoSuficiente on testTransferirConSaldoSuficiente(servicios.TransferirTest)" time="0.003"/>
  <testcase classname="servicios.TransferirTest" name="testTransferirConSaldoInsuficiente on testTransferirConSaldoInsuficiente(servicios.TransferirTest)" time="0.003"/>
  <testcase classname="servicios.TransferirTest" name="testTransferirCero on testTransferirCero(servicios.TransferirTest)" time="0.003"/>
  <testcase classname="servicios.TransferirTest" name="testTransferirAPropiaCuenta on testTransferirAPropiaCuenta(servicios.TransferirTest)" time="0.003"/>
  <testcase classname="servicios.TransferirTest" name="testTransferirCuentaIncorrecta on testTransferirCuentaIncorrecta(servicios.TransferirTest)" time="0.002"/>
</testsuite> <!-- Surefire test -->
