<?xml version="1.0" encoding="UTF-8"?>
<testng-results ignored="0" total="1" passed="1" failed="0" skipped="0">
  <reporter-output>
  </reporter-output>
  <suite started-at="2023-10-05T20:04:27 ART" name="Surefire suite" finished-at="2023-10-05T20:04:27 ART" duration-ms="153">
    <groups>
    </groups>
    <test started-at="2023-10-05T20:04:27 ART" name="Surefire test" finished-at="2023-10-05T20:04:27 ART" duration-ms="153">
      <class name="com.mechi.AppTest">
        <test-method signature="shouldAnswerWithTrue()" started-at="2023-10-05T20:04:27 ART" name="shouldAnswerWithTrue" finished-at="2023-10-05T20:04:27 ART" duration-ms="36" status="PASS">
          <reporter-output>
          </reporter-output>
        </test-method> <!-- shouldAnswerWithTrue -->
      </class> <!-- com.mechi.AppTest -->
    </test> <!-- Surefire test -->
  </suite> <!-- Surefire suite -->
</testng-results>
