<?xml version="1.0" encoding="UTF-8"?>
<testsuite xmlns:xsi="http://www.w3.org/2001/XMLSchema-instance" xsi:noNamespaceSchemaLocation="https://maven.apache.org/surefire/maven-surefire-plugin/xsd/surefire-test-report.xsd" name="TestSuite" time="0.913" tests="21" errors="0" skipped="0" failures="0">
  <properties>
[...]
</properties>
  <testcase name="shouldAnswerWithTrue on shouldAnswerWithTrue(com.mechi.AppTest)" classname="com.mechi.AppTest" time="0.003"/>
  <testcase name="testDepositarDinero on testDepositarDinero(servicios.DepositarTest)" classname="servicios.DepositarTest" time="0.003"/>
  <testcase name="testDepositarCaracterLetra on testDepositarCaracterLetra(servicios.DepositarTest)" classname="servicios.DepositarTest" time="0"/>
  <testcase name="testDepositarCaracterVacio on testDepositarCaracterVacio(servicios.DepositarTest)" classname="servicios.DepositarTest" time="0.001"/>
  <testcase name="testDepositarCero on testDepositarCero(servicios.DepositarTest)" classname="servicios.DepositarTest" time="0"/>
  <testcase name="testDepositarValornegativo on testDepositarValornegativo(servicios.DepositarTest)" classname="servicios.DepositarTest" time="0"/>
  <testcase name="testDepositarCero1 on testDepositarCero1(servicios.DepositarTest)" classname="servicios.DepositarTest" time="0.001"/>
  <testcase name="pruebaRetirarDineroConCaracteresNoValidos on pruebaRetirarDineroConCaracteresNoValidos(servicios.RetirarDineroTest)" classname="servicios.RetirarDineroTest" time="0.001"/>
  <testcase name="pruebaRetirarDinero on pruebaRetirarDinero(servicios.RetirarDineroTest)" classname="servicios.RetirarDineroTest" time="0"/>
  <testcase name="pruebaRetirarDineroConValorCERO on pruebaRetirarDineroConValorCERO(servicios.RetirarDineroTest)" classname="servicios.RetirarDineroTest" time="0"/>
  <testcase name="pruebaRetirarDineroConSaldoInsuficiente on pruebaRetirarDineroConSaldoInsuficiente(servicios.RetirarDineroTest)" classname="servicios.RetirarDineroTest" time="0.001"/>
  <testcase name="pruebaRetirarDineroConValorNegativo on pruebaRetirarDineroConValorNegativo(servicios.RetirarDineroTest)" classname="servicios.RetirarDineroTest" time="0"/>
  <testcase name="testTransferirCaracterLetra on testTransferirCaracterLetra(servicios.TransferirTest)" classname="servicios.TransferirTest" time="0"/>
  <testcase name="testTransferirCaracterVacio on testTransferirCaracterVacio(servicios.TransferirTest)" classname="servicios.TransferirTest" time="0.001"/>
  <testcase name="testTransferirMontoNegativo on testTransferirMontoNegativo(servicios.TransferirTest)" classname="servicios.TransferirTest" time="0"/>
  <testcase name="testTransferirCuentaCaracterIncorrecto on testTransferirCuentaCaracterIncorrecto(servicios.TransferirTest)" classname="servicios.TransferirTest" time="0"/>
  <testcase name="testTransferirConSaldoSuficiente on testTransferirConSaldoSuficiente(servicios.TransferirTest)" classname="servicios.TransferirTest" time="0.001"/>
  <testcase name="testTransferirConSaldoInsuficiente on testTransferirConSaldoInsuficiente(servicios.TransferirTest)" classname="servicios.TransferirTest" time="0"/>
  <testcase name="testTransferirCero on testTransferirCero(servicios.TransferirTest)" classname="servicios.TransferirTest" time="0"/>
  <testcase name="testTransferirAPropiaCuenta on testTransferirAPropiaCuenta(servicios.TransferirTest)" classname="servicios.TransferirTest" time="0"/>
  <testcase name="testTransferirCuentaIncorrecta on testTransferirCuentaIncorrecta(servicios.TransferirTest)" classname="servicios.TransferirTest" time="0.001"/>
</testsuite>